2025-10-23 23:51:33,466 - INFO - ============================================================
2025-10-23 23:51:33,466 - INFO - starting new download session
2025-10-23 23:51:33,466 - INFO - processing 10 starting url(s)
2025-10-23 23:51:33,466 - INFO - ============================================================
2025-10-23 23:51:48,436 - INFO - step 1: finding all video urls...
2025-10-23 23:51:48,436 - INFO - processing: https://spankbang.com/3myy2/video/hookup+compilation
2025-10-23 23:51:48,436 - INFO - scanning for video links across all pages...
2025-10-23 23:51:50,513 - INFO - checking page: https://spankbang.com/3myy2/video/hookup+compilation
2025-10-23 23:51:50,605 - WARNING - couldn't fetch https://spankbang.com/3myy2/video/hookup+compilation
2025-10-23 23:51:50,606 - INFO - processing: https://spankbang.com/65o6c/video/thick+ebony+thot+twerk+dildo+fuck+and+deepthroat+3v4j0n3z
2025-10-23 23:51:50,606 - INFO - scanning for video links across all pages...
2025-10-23 23:51:53,418 - INFO - checking page: https://spankbang.com/65o6c/video/thick+ebony+thot+twerk+dildo+fuck+and+deepthroat+3v4j0n3z
2025-10-23 23:51:53,447 - WARNING - couldn't fetch https://spankbang.com/65o6c/video/thick+ebony+thot+twerk+dildo+fuck+and+deepthroat+3v4j0n3z
2025-10-23 23:51:53,447 - INFO - processing: https://spankbang.com/6dvqq/video/kira+noir+s+first+throating+scene+with+huge+dick
2025-10-23 23:51:53,447 - INFO - scanning for video links across all pages...
2025-10-23 23:51:54,456 - INFO - checking page: https://spankbang.com/6dvqq/video/kira+noir+s+first+throating+scene+with+huge+dick
2025-10-23 23:51:54,478 - WARNING - couldn't fetch https://spankbang.com/6dvqq/video/kira+noir+s+first+throating+scene+with+huge+dick
2025-10-23 23:51:54,478 - INFO - processing: https://spankbang.com/80piz/video/throated+ebony+redheaded+babe+knows+how+deep+to+shove+a+cock+down+her+throat
2025-10-23 23:51:54,479 - INFO - scanning for video links across all pages...
2025-10-23 23:51:55,786 - INFO - checking page: https://spankbang.com/80piz/video/throated+ebony+redheaded+babe+knows+how+deep+to+shove+a+cock+down+her+throat
2025-10-23 23:51:55,818 - WARNING - couldn't fetch https://spankbang.com/80piz/video/throated+ebony+redheaded+babe+knows+how+deep+to+shove+a+cock+down+her+throat
2025-10-23 23:51:55,818 - INFO - processing: https://spankbang.com/9lxuq/video/rough+anal+college+girls+compilation+hookup+hotshot+egirls
2025-10-23 23:51:55,818 - INFO - scanning for video links across all pages...
2025-10-23 23:51:57,783 - INFO - checking page: https://spankbang.com/9lxuq/video/rough+anal+college+girls+compilation+hookup+hotshot+egirls
2025-10-23 23:51:57,811 - WARNING - couldn't fetch https://spankbang.com/9lxuq/video/rough+anal+college+girls+compilation+hookup+hotshot+egirls
2025-10-23 23:51:57,811 - INFO - processing: https://spankbang.com/7qy41/video/chloe+carter+hardcore+deepthroat+bulge
2025-10-23 23:51:57,811 - INFO - scanning for video links across all pages...
2025-10-23 23:52:00,453 - INFO - checking page: https://spankbang.com/7qy41/video/chloe+carter+hardcore+deepthroat+bulge
2025-10-23 23:52:00,521 - WARNING - couldn't fetch https://spankbang.com/7qy41/video/chloe+carter+hardcore+deepthroat+bulge
2025-10-23 23:52:00,521 - INFO - processing: https://spankbang.com/8szdj/video/hookup+hotshot+e+girls+compilation+perky+online+sluts+get+roughly+fucked
2025-10-23 23:52:00,521 - INFO - scanning for video links across all pages...
2025-10-23 23:52:02,988 - INFO - checking page: https://spankbang.com/8szdj/video/hookup+hotshot+e+girls+compilation+perky+online+sluts+get+roughly+fucked
2025-10-23 23:52:03,013 - WARNING - couldn't fetch https://spankbang.com/8szdj/video/hookup+hotshot+e+girls+compilation+perky+online+sluts+get+roughly+fucked
2025-10-23 23:52:03,013 - INFO - processing: https://spankbang.com/6qkyw/video/evilangel+submissive+squirter+sky+pierce+finger+banged+and+pussy+fucked
2025-10-23 23:52:03,013 - INFO - scanning for video links across all pages...
2025-10-23 23:52:04,813 - INFO - checking page: https://spankbang.com/6qkyw/video/evilangel+submissive+squirter+sky+pierce+finger+banged+and+pussy+fucked
2025-10-23 23:52:04,852 - WARNING - couldn't fetch https://spankbang.com/6qkyw/video/evilangel+submissive+squirter+sky+pierce+finger+banged+and+pussy+fucked
2025-10-23 23:52:04,852 - INFO - processing: https://spankbang.com/7252d/video/jasmine+wilde+hookup+hotshot+2+deepthroat
2025-10-23 23:52:04,852 - INFO - scanning for video links across all pages...
2025-10-23 23:52:06,715 - INFO - checking page: https://spankbang.com/7252d/video/jasmine+wilde+hookup+hotshot+2+deepthroat
2025-10-23 23:52:06,744 - WARNING - couldn't fetch https://spankbang.com/7252d/video/jasmine+wilde+hookup+hotshot+2+deepthroat
2025-10-23 23:52:06,744 - INFO - processing: https://spankbang.com/8axdv/video/lola+fae+hardcore+deepthroating
2025-10-23 23:52:06,745 - INFO - scanning for video links across all pages...
2025-10-23 23:52:07,953 - INFO - checking page: https://spankbang.com/8axdv/video/lola+fae+hardcore+deepthroating
2025-10-23 23:52:07,977 - WARNING - couldn't fetch https://spankbang.com/8axdv/video/lola+fae+hardcore+deepthroating
2025-10-23 23:52:07,977 - ERROR - no videos found. exiting.
